  [1m[36mSQL (0.4ms)[0m  [1m SELECT name
 FROM sqlite_master
 WHERE type = 'table' AND NOT name = 'sqlite_sequence'
[0m
  [1m[35mSQL (0.1ms)[0m  select sqlite_version(*)
  [1m[36mSQL (101.0ms)[0m  [1mCREATE TABLE "schema_migrations" ("version" varchar(255) NOT NULL) [0m
  [1m[35mSQL (0.1ms)[0m  PRAGMA index_list("schema_migrations")
  [1m[36mSQL (43.5ms)[0m  [1mCREATE UNIQUE INDEX "unique_schema_migrations" ON "schema_migrations" ("version")[0m
  [1m[35mSQL (0.4ms)[0m   SELECT name
 FROM sqlite_master
 WHERE type = 'table' AND NOT name = 'sqlite_sequence'
  [1m[36mSQL (0.4ms)[0m  [1m SELECT name
 FROM sqlite_master
 WHERE type = 'table' AND NOT name = 'sqlite_sequence'
[0m
  [1m[35mSQL (0.3ms)[0m   SELECT name
 FROM sqlite_master
 WHERE type = 'table' AND NOT name = 'sqlite_sequence'
  [1m[36mSQL (0.3ms)[0m  [1mSELECT "schema_migrations"."version" FROM "schema_migrations"[0m
  [1m[35mSQL (0.3ms)[0m   SELECT name
 FROM sqlite_master
 WHERE type = 'table' AND NOT name = 'sqlite_sequence'
  [1m[36mSQL (0.5ms)[0m  [1m SELECT name
 FROM sqlite_master
 WHERE type = 'table' AND NOT name = 'sqlite_sequence'
[0m
  [1m[35mSQL (0.2ms)[0m   SELECT name
 FROM sqlite_master
 WHERE type = 'table' AND NOT name = 'sqlite_sequence'
  [1m[36mSQL (0.1ms)[0m  [1mSELECT "schema_migrations"."version" FROM "schema_migrations"[0m
Migrating to CreatePersonSearchTables (20110523005839)
  [1m[35mSQL (0.1ms)[0m  select sqlite_version(*)
  [1m[36mSQL (0.6ms)[0m  [1mCREATE TABLE "person_search_names" ("id" INTEGER PRIMARY KEY AUTOINCREMENT NOT NULL, "text" varchar(255), "name_relationship_id" integer) [0m
  [1m[35mSQL (0.1ms)[0m  PRAGMA index_list("person_search_names")
  [1m[36mSQL (0.2ms)[0m  [1mCREATE INDEX "index_person_search_names_on_name_relationship_id" ON "person_search_names" ("name_relationship_id")[0m
  [1m[35mSQL (0.2ms)[0m  CREATE TABLE "person_search_name_relationships" ("id" INTEGER PRIMARY KEY AUTOINCREMENT NOT NULL) 
  [1m[36mSQL (0.2ms)[0m  [1mCREATE TABLE "person_search_name_person_joins" ("id" INTEGER PRIMARY KEY AUTOINCREMENT NOT NULL, "name_id" integer, "person_id" integer, "person_klass" varchar(255)) [0m
  [1m[35mSQL (0.1ms)[0m  PRAGMA index_list("person_search_name_person_joins")
  [1m[36mSQL (0.2ms)[0m  [1mCREATE INDEX "index_person_search_name_person_joins_on_name_id" ON "person_search_name_person_joins" ("name_id")[0m
  [1m[36mSQL (0.5ms)[0m  [1m SELECT name
 FROM sqlite_master
 WHERE type = 'table' AND NOT name = 'sqlite_sequence'
[0m
  [1m[35mSQL (0.2ms)[0m   SELECT name
 FROM sqlite_master
 WHERE type = 'table' AND NOT name = 'sqlite_sequence'
  [1m[36mSQL (0.1ms)[0m  [1mSELECT "schema_migrations"."version" FROM "schema_migrations"[0m
  [1m[35mSQL (0.1ms)[0m  select sqlite_version(*)
  [1m[36mSQL (0.1ms)[0m  [1m SELECT name
 FROM sqlite_master
 WHERE type = 'table' AND NOT name = 'sqlite_sequence'
[0m
  [1m[35mSQL (0.1ms)[0m  SELECT "schema_migrations"."version" FROM "schema_migrations"
  [1m[36mSQL (0.1ms)[0m  [1m SELECT name
 FROM sqlite_master
 WHERE type = 'table' AND NOT name = 'sqlite_sequence'
[0m
  [1m[36mSQL (0.5ms)[0m  [1m SELECT name
 FROM sqlite_master
 WHERE type = 'table' AND NOT name = 'sqlite_sequence'
[0m
  [1m[35mSQL (0.2ms)[0m   SELECT name
 FROM sqlite_master
 WHERE type = 'table' AND NOT name = 'sqlite_sequence'
  [1m[36mSQL (0.1ms)[0m  [1mSELECT "schema_migrations"."version" FROM "schema_migrations"[0m
Migrating to CreatePersonSearchTables (20110523005839)
  [1m[35mSQL (0.1ms)[0m  select sqlite_version(*)
  [1m[36mSQL (0.6ms)[0m  [1mCREATE TABLE "person_search_names" ("id" INTEGER PRIMARY KEY AUTOINCREMENT NOT NULL, "text" varchar(255), "name_relationship_id" integer) [0m
  [1m[35mSQL (0.1ms)[0m  PRAGMA index_list("person_search_names")
  [1m[36mSQL (0.2ms)[0m  [1mCREATE INDEX "index_person_search_names_on_name_relationship_id" ON "person_search_names" ("name_relationship_id")[0m
  [1m[35mSQL (0.2ms)[0m  CREATE TABLE "person_search_name_relationships" ("id" INTEGER PRIMARY KEY AUTOINCREMENT NOT NULL) 
  [1m[36mSQL (0.2ms)[0m  [1mCREATE TABLE "person_search_name_person_joins" ("id" INTEGER PRIMARY KEY AUTOINCREMENT NOT NULL, "name_id" integer, "person_id" integer, "person_klass" varchar(255)) [0m
  [1m[35mSQL (0.1ms)[0m  PRAGMA index_list("person_search_name_person_joins")
  [1m[36mSQL (0.2ms)[0m  [1mCREATE INDEX "index_person_search_name_person_joins_on_name_id" ON "person_search_name_person_joins" ("name_id")[0m
  [1m[35mSQL (0.1ms)[0m  PRAGMA index_list("person_search_name_person_joins")
  [1m[36mSQL (0.1ms)[0m  [1mPRAGMA index_info('index_person_search_name_person_joins_on_name_id')[0m
  [1m[35mSQL (0.2ms)[0m  CREATE INDEX "index_person_search_person_id_person_klass" ON "person_search_name_person_joins" ("person_id", "person_klass")
  [1m[36mSQL (0.1ms)[0m  [1mINSERT INTO "schema_migrations" ("version") VALUES ('20110523005839')[0m
  [1m[35mSQL (0.5ms)[0m   SELECT name
 FROM sqlite_master
 WHERE type = 'table' AND NOT name = 'sqlite_sequence'
  [1m[36mSQL (0.3ms)[0m  [1mSELECT "schema_migrations"."version" FROM "schema_migrations"[0m
  [1m[35mSQL (0.3ms)[0m   SELECT name
 FROM sqlite_master
 WHERE type = 'table' AND NOT name = 'sqlite_sequence'
  [1m[36mSQL (0.2ms)[0m  [1mPRAGMA index_list("person_search_name_person_joins")[0m
  [1m[35mSQL (0.2ms)[0m  PRAGMA index_info('index_person_search_person_id_person_klass')
  [1m[36mSQL (0.1ms)[0m  [1mPRAGMA index_info('index_person_search_name_person_joins_on_name_id')[0m
  [1m[35mSQL (0.1ms)[0m  PRAGMA index_list("person_search_name_relationships")
  [1m[36mSQL (0.2ms)[0m  [1mPRAGMA index_list("person_search_names")[0m
  [1m[35mSQL (0.1ms)[0m  PRAGMA index_info('index_person_search_names_on_name_relationship_id')
  [1m[36mSQL (0.4ms)[0m  [1m SELECT name
 FROM sqlite_master
 WHERE type = 'table' AND NOT name = 'sqlite_sequence'
[0m
  [1m[35mSQL (0.2ms)[0m  select sqlite_version(*)
  [1m[36mSQL (99.1ms)[0m  [1mCREATE TABLE "schema_migrations" ("version" varchar(255) NOT NULL) [0m
  [1m[35mSQL (0.1ms)[0m  PRAGMA index_list("schema_migrations")
  [1m[36mSQL (76.0ms)[0m  [1mCREATE UNIQUE INDEX "unique_schema_migrations" ON "schema_migrations" ("version")[0m
  [1m[35mSQL (0.4ms)[0m   SELECT name
 FROM sqlite_master
 WHERE type = 'table' AND NOT name = 'sqlite_sequence'
  [1m[36mSQL (0.4ms)[0m  [1m SELECT name
 FROM sqlite_master
 WHERE type = 'table' AND NOT name = 'sqlite_sequence'
[0m
  [1m[35mSQL (0.3ms)[0m  SELECT "schema_migrations"."version" FROM "schema_migrations"
Migrating to CreatePersonSearchTables (20110523115552)
  [1m[36mSQL (1.0ms)[0m  [1mCREATE TABLE "person_search_names" ("id" INTEGER PRIMARY KEY AUTOINCREMENT NOT NULL, "text" varchar(255), "name_relationship_id" integer) [0m
  [1m[35mSQL (0.2ms)[0m  PRAGMA index_list("person_search_names")
  [1m[36mSQL (0.4ms)[0m  [1mCREATE INDEX "index_person_search_names_on_name_relationship_id" ON "person_search_names" ("name_relationship_id")[0m
  [1m[35mSQL (0.5ms)[0m  CREATE TABLE "person_search_name_relationships" ("id" INTEGER PRIMARY KEY AUTOINCREMENT NOT NULL) 
  [1m[36mSQL (0.5ms)[0m  [1mCREATE TABLE "person_search_name_person_joins" ("id" INTEGER PRIMARY KEY AUTOINCREMENT NOT NULL, "name_id" integer, "person_id" integer, "person_klass" varchar(255)) [0m
  [1m[35mSQL (0.1ms)[0m  PRAGMA index_list("person_search_name_person_joins")
  [1m[36mSQL (0.4ms)[0m  [1mCREATE INDEX "index_person_search_name_person_joins_on_name_id" ON "person_search_name_person_joins" ("name_id")[0m
  [1m[35mSQL (0.2ms)[0m  PRAGMA index_list("person_search_name_person_joins")
  [1m[36mSQL (0.2ms)[0m  [1mPRAGMA index_info('index_person_search_name_person_joins_on_name_id')[0m
  [1m[35mSQL (0.4ms)[0m  CREATE INDEX "index_person_search_person_id_person_klass" ON "person_search_name_person_joins" ("person_id", "person_klass")
  [1m[36mSQL (0.3ms)[0m  [1mINSERT INTO "schema_migrations" ("version") VALUES ('20110523115552')[0m
  [1m[35mSQL (0.5ms)[0m   SELECT name
 FROM sqlite_master
 WHERE type = 'table' AND NOT name = 'sqlite_sequence'
  [1m[36mSQL (0.3ms)[0m  [1mSELECT "schema_migrations"."version" FROM "schema_migrations"[0m
  [1m[35mSQL (0.4ms)[0m   SELECT name
 FROM sqlite_master
 WHERE type = 'table' AND NOT name = 'sqlite_sequence'
  [1m[36mSQL (0.2ms)[0m  [1mPRAGMA index_list("person_search_name_person_joins")[0m
  [1m[35mSQL (0.2ms)[0m  PRAGMA index_info('index_person_search_person_id_person_klass')
  [1m[36mSQL (0.1ms)[0m  [1mPRAGMA index_info('index_person_search_name_person_joins_on_name_id')[0m
  [1m[35mSQL (0.1ms)[0m  PRAGMA index_list("person_search_name_relationships")
  [1m[36mSQL (0.2ms)[0m  [1mPRAGMA index_list("person_search_names")[0m
  [1m[35mSQL (0.1ms)[0m  PRAGMA index_info('index_person_search_names_on_name_relationship_id')
  [1m[36mSQL (0.6ms)[0m  [1m SELECT name
 FROM sqlite_master
 WHERE type = 'table' AND NOT name = 'sqlite_sequence'
[0m
  [1m[35mSQL (0.2ms)[0m   SELECT name
 FROM sqlite_master
 WHERE type = 'table' AND NOT name = 'sqlite_sequence'
  [1m[36mSQL (0.2ms)[0m  [1mSELECT "schema_migrations"."version" FROM "schema_migrations"[0m
  [1m[35mSQL (0.3ms)[0m  select sqlite_version(*)
  [1m[36mSQL (0.1ms)[0m  [1m SELECT name
 FROM sqlite_master
 WHERE type = 'table' AND NOT name = 'sqlite_sequence'
[0m
  [1m[35mSQL (77.5ms)[0m  CREATE TABLE "person_search_name_person_joins" ("id" INTEGER PRIMARY KEY AUTOINCREMENT NOT NULL, "name_id" integer, "person_id" integer, "person_klass" varchar(255)) 
  [1m[36mSQL (0.2ms)[0m  [1mPRAGMA index_list("person_search_name_person_joins")[0m
  [1m[35mSQL (64.4ms)[0m  CREATE INDEX "index_person_search_name_person_joins_on_name_id" ON "person_search_name_person_joins" ("name_id")
  [1m[36mSQL (0.3ms)[0m  [1mPRAGMA index_list("person_search_name_person_joins")[0m
  [1m[35mSQL (0.2ms)[0m  PRAGMA index_info('index_person_search_name_person_joins_on_name_id')
  [1m[36mSQL (84.0ms)[0m  [1mCREATE INDEX "index_person_search_person_id_person_klass" ON "person_search_name_person_joins" ("person_id", "person_klass")[0m
  [1m[35mSQL (0.4ms)[0m   SELECT name
 FROM sqlite_master
 WHERE type = 'table' AND NOT name = 'sqlite_sequence'
  [1m[36mSQL (70.2ms)[0m  [1mCREATE TABLE "person_search_name_relationships" ("id" INTEGER PRIMARY KEY AUTOINCREMENT NOT NULL) [0m
  [1m[35mSQL (0.5ms)[0m   SELECT name
 FROM sqlite_master
 WHERE type = 'table' AND NOT name = 'sqlite_sequence'
  [1m[36mSQL (84.6ms)[0m  [1mCREATE TABLE "person_search_names" ("id" INTEGER PRIMARY KEY AUTOINCREMENT NOT NULL, "text" varchar(255), "name_relationship_id" integer) [0m
  [1m[35mSQL (0.2ms)[0m  PRAGMA index_list("person_search_names")
  [1m[36mSQL (78.1ms)[0m  [1mCREATE INDEX "index_person_search_names_on_name_relationship_id" ON "person_search_names" ("name_relationship_id")[0m
  [1m[35mSQL (0.4ms)[0m   SELECT name
 FROM sqlite_master
 WHERE type = 'table' AND NOT name = 'sqlite_sequence'
  [1m[36mSQL (65.3ms)[0m  [1mCREATE TABLE "schema_migrations" ("version" varchar(255) NOT NULL) [0m
  [1m[35mSQL (0.1ms)[0m  PRAGMA index_list("schema_migrations")
  [1m[36mSQL (65.9ms)[0m  [1mCREATE UNIQUE INDEX "unique_schema_migrations" ON "schema_migrations" ("version")[0m
  [1m[35mSQL (0.4ms)[0m   SELECT name
 FROM sqlite_master
 WHERE type = 'table' AND NOT name = 'sqlite_sequence'
  [1m[36mSQL (0.3ms)[0m  [1mSELECT version FROM "schema_migrations"[0m
  [1m[35mSQL (64.4ms)[0m  INSERT INTO "schema_migrations" (version) VALUES ('20110523115552')
